<?xml version="1.0" encoding="UTF-8"?>
<testsuite name="com.mindex.challenge.service.impl.CompensationServiceImplTest" tests="1" skipped="0" failures="0" errors="0" timestamp="2020-08-25T08:26:43" hostname="DESKTOP-BRU1D1K" time="1.304">
  <properties/>
  <testcase name="testCreateReadUpdateCompensation" classname="com.mindex.challenge.service.impl.CompensationServiceImplTest" time="1.304"/>
  <system-out><![CDATA[04:26:34.427 [Test worker] DEBUG org.springframework.test.context.junit4.SpringJUnit4ClassRunner - SpringJUnit4ClassRunner constructor called with [class com.mindex.challenge.service.impl.CompensationServiceImplTest]
04:26:34.454 [Test worker] DEBUG org.springframework.test.context.BootstrapUtils - Instantiating CacheAwareContextLoaderDelegate from class [org.springframework.test.context.cache.DefaultCacheAwareContextLoaderDelegate]
04:26:34.476 [Test worker] DEBUG org.springframework.test.context.BootstrapUtils - Instantiating BootstrapContext using constructor [public org.springframework.test.context.support.DefaultBootstrapContext(java.lang.Class,org.springframework.test.context.CacheAwareContextLoaderDelegate)]
04:26:34.551 [Test worker] DEBUG org.springframework.test.context.BootstrapUtils - Instantiating TestContextBootstrapper for test class [com.mindex.challenge.service.impl.CompensationServiceImplTest] from class [org.springframework.boot.test.context.SpringBootTestContextBootstrapper]
04:26:34.591 [Test worker] INFO org.springframework.boot.test.context.SpringBootTestContextBootstrapper - Neither @ContextConfiguration nor @ContextHierarchy found for test class [com.mindex.challenge.service.impl.CompensationServiceImplTest], using SpringBootContextLoader
04:26:34.603 [Test worker] DEBUG org.springframework.test.context.support.AbstractContextLoader - Did not detect default resource location for test class [com.mindex.challenge.service.impl.CompensationServiceImplTest]: class path resource [com/mindex/challenge/service/impl/CompensationServiceImplTest-context.xml] does not exist
04:26:34.604 [Test worker] DEBUG org.springframework.test.context.support.AbstractContextLoader - Did not detect default resource location for test class [com.mindex.challenge.service.impl.CompensationServiceImplTest]: class path resource [com/mindex/challenge/service/impl/CompensationServiceImplTestContext.groovy] does not exist
04:26:34.605 [Test worker] INFO org.springframework.test.context.support.AbstractContextLoader - Could not detect default resource locations for test class [com.mindex.challenge.service.impl.CompensationServiceImplTest]: no resource found for suffixes {-context.xml, Context.groovy}.
04:26:34.607 [Test worker] INFO org.springframework.test.context.support.AnnotationConfigContextLoaderUtils - Could not detect default configuration classes for test class [com.mindex.challenge.service.impl.CompensationServiceImplTest]: CompensationServiceImplTest does not declare any static, non-private, non-final, nested classes annotated with @Configuration.
04:26:34.727 [Test worker] DEBUG org.springframework.test.context.support.ActiveProfilesUtils - Could not find an 'annotation declaring class' for annotation type [org.springframework.test.context.ActiveProfiles] and class [com.mindex.challenge.service.impl.CompensationServiceImplTest]
04:26:34.966 [Test worker] DEBUG org.springframework.context.annotation.ClassPathScanningCandidateComponentProvider - Identified candidate component class: file [D:\Programming\mindex-java-code-challenge\build\classes\java\main\com\mindex\challenge\ChallengeApplication.class]
04:26:34.973 [Test worker] INFO org.springframework.boot.test.context.SpringBootTestContextBootstrapper - Found @SpringBootConfiguration com.mindex.challenge.ChallengeApplication for test class com.mindex.challenge.service.impl.CompensationServiceImplTest
04:26:35.164 [Test worker] DEBUG org.springframework.boot.test.context.SpringBootTestContextBootstrapper - @TestExecutionListeners is not present for class [com.mindex.challenge.service.impl.CompensationServiceImplTest]: using defaults.
04:26:35.166 [Test worker] INFO org.springframework.boot.test.context.SpringBootTestContextBootstrapper - Loaded default TestExecutionListener class names from location [META-INF/spring.factories]: [org.springframework.boot.test.autoconfigure.restdocs.RestDocsTestExecutionListener, org.springframework.boot.test.autoconfigure.web.client.MockRestServiceServerResetTestExecutionListener, org.springframework.boot.test.autoconfigure.web.servlet.MockMvcPrintOnlyOnFailureTestExecutionListener, org.springframework.boot.test.autoconfigure.web.servlet.WebDriverTestExecutionListener, org.springframework.boot.test.mock.mockito.MockitoTestExecutionListener, org.springframework.boot.test.mock.mockito.ResetMocksTestExecutionListener, org.springframework.test.context.web.ServletTestExecutionListener, org.springframework.test.context.support.DirtiesContextBeforeModesTestExecutionListener, org.springframework.test.context.support.DependencyInjectionTestExecutionListener, org.springframework.test.context.support.DirtiesContextTestExecutionListener, org.springframework.test.context.transaction.TransactionalTestExecutionListener, org.springframework.test.context.jdbc.SqlScriptsTestExecutionListener, org.springframework.test.context.event.EventPublishingTestExecutionListener]
04:26:35.205 [Test worker] INFO org.springframework.boot.test.context.SpringBootTestContextBootstrapper - Using TestExecutionListeners: [org.springframework.test.context.web.ServletTestExecutionListener@28eeab15, org.springframework.test.context.support.DirtiesContextBeforeModesTestExecutionListener@73f23e81, org.springframework.boot.test.mock.mockito.MockitoTestExecutionListener@d2de708, org.springframework.boot.test.autoconfigure.SpringBootDependencyInjectionTestExecutionListener@6c00f0cc, org.springframework.test.context.support.DirtiesContextTestExecutionListener@316b585a, org.springframework.test.context.transaction.TransactionalTestExecutionListener@530f6ec0, org.springframework.test.context.jdbc.SqlScriptsTestExecutionListener@3178d60e, org.springframework.test.context.event.EventPublishingTestExecutionListener@5a15c67d, org.springframework.boot.test.autoconfigure.restdocs.RestDocsTestExecutionListener@31d7fced, org.springframework.boot.test.autoconfigure.web.client.MockRestServiceServerResetTestExecutionListener@1986fd79, org.springframework.boot.test.autoconfigure.web.servlet.MockMvcPrintOnlyOnFailureTestExecutionListener@6eb980e1, org.springframework.boot.test.autoconfigure.web.servlet.WebDriverTestExecutionListener@1aeb8565, org.springframework.boot.test.mock.mockito.ResetMocksTestExecutionListener@14d52241]
04:26:35.217 [Test worker] DEBUG org.springframework.test.annotation.ProfileValueUtils - Retrieved @ProfileValueSourceConfiguration [null] for test class [com.mindex.challenge.service.impl.CompensationServiceImplTest]
04:26:35.219 [Test worker] DEBUG org.springframework.test.annotation.ProfileValueUtils - Retrieved ProfileValueSource type [class org.springframework.test.annotation.SystemProfileValueSource] for class [com.mindex.challenge.service.impl.CompensationServiceImplTest]
04:26:35.227 [Test worker] DEBUG org.springframework.test.annotation.ProfileValueUtils - Retrieved @ProfileValueSourceConfiguration [null] for test class [com.mindex.challenge.service.impl.CompensationServiceImplTest]
04:26:35.228 [Test worker] DEBUG org.springframework.test.annotation.ProfileValueUtils - Retrieved ProfileValueSource type [class org.springframework.test.annotation.SystemProfileValueSource] for class [com.mindex.challenge.service.impl.CompensationServiceImplTest]
04:26:35.229 [Test worker] DEBUG org.springframework.test.annotation.ProfileValueUtils - Retrieved @ProfileValueSourceConfiguration [null] for test class [com.mindex.challenge.service.impl.CompensationServiceImplTest]
04:26:35.229 [Test worker] DEBUG org.springframework.test.annotation.ProfileValueUtils - Retrieved ProfileValueSource type [class org.springframework.test.annotation.SystemProfileValueSource] for class [com.mindex.challenge.service.impl.CompensationServiceImplTest]
04:26:35.238 [Test worker] DEBUG org.springframework.test.context.support.AbstractDirtiesContextTestExecutionListener - Before test class: context [DefaultTestContext@1c4b9b99 testClass = CompensationServiceImplTest, testInstance = [null], testMethod = [null], testException = [null], mergedContextConfiguration = [WebMergedContextConfiguration@5d202213 testClass = CompensationServiceImplTest, locations = '{}', classes = '{class com.mindex.challenge.ChallengeApplication}', contextInitializerClasses = '[]', activeProfiles = '{}', propertySourceLocations = '{}', propertySourceProperties = '{org.springframework.boot.test.context.SpringBootTestContextBootstrapper=true, server.port=0}', contextCustomizers = set[org.springframework.boot.test.autoconfigure.properties.PropertyMappingContextCustomizer@0, org.springframework.boot.test.autoconfigure.web.servlet.WebDriverContextCustomizerFactory$Customizer@827ebc0, org.springframework.boot.test.context.filter.ExcludeFilterContextCustomizer@661fde72, org.springframework.boot.test.json.DuplicateJsonObjectContextCustomizerFactory$DuplicateJsonObjectContextCustomizer@14fe0a20, org.springframework.boot.test.mock.mockito.MockitoContextCustomizer@0, org.springframework.boot.test.web.client.TestRestTemplateContextCustomizer@53a139e7], resourceBasePath = 'src/main/webapp', contextLoader = 'org.springframework.boot.test.context.SpringBootContextLoader', parent = [null]], attributes = map['org.springframework.test.context.web.ServletTestExecutionListener.activateListener' -> false]], class annotated with @DirtiesContext [false] with mode [null].
04:26:35.242 [Test worker] DEBUG org.springframework.test.annotation.ProfileValueUtils - Retrieved @ProfileValueSourceConfiguration [null] for test class [com.mindex.challenge.service.impl.CompensationServiceImplTest]
04:26:35.242 [Test worker] DEBUG org.springframework.test.annotation.ProfileValueUtils - Retrieved ProfileValueSource type [class org.springframework.test.annotation.SystemProfileValueSource] for class [com.mindex.challenge.service.impl.CompensationServiceImplTest]
04:26:35.251 [Test worker] DEBUG org.springframework.test.context.support.DependencyInjectionTestExecutionListener - Performing dependency injection for test context [[DefaultTestContext@1c4b9b99 testClass = CompensationServiceImplTest, testInstance = com.mindex.challenge.service.impl.CompensationServiceImplTest@7726ce16, testMethod = [null], testException = [null], mergedContextConfiguration = [WebMergedContextConfiguration@5d202213 testClass = CompensationServiceImplTest, locations = '{}', classes = '{class com.mindex.challenge.ChallengeApplication}', contextInitializerClasses = '[]', activeProfiles = '{}', propertySourceLocations = '{}', propertySourceProperties = '{org.springframework.boot.test.context.SpringBootTestContextBootstrapper=true, server.port=0}', contextCustomizers = set[org.springframework.boot.test.autoconfigure.properties.PropertyMappingContextCustomizer@0, org.springframework.boot.test.autoconfigure.web.servlet.WebDriverContextCustomizerFactory$Customizer@827ebc0, org.springframework.boot.test.context.filter.ExcludeFilterContextCustomizer@661fde72, org.springframework.boot.test.json.DuplicateJsonObjectContextCustomizerFactory$DuplicateJsonObjectContextCustomizer@14fe0a20, org.springframework.boot.test.mock.mockito.MockitoContextCustomizer@0, org.springframework.boot.test.web.client.TestRestTemplateContextCustomizer@53a139e7], resourceBasePath = 'src/main/webapp', contextLoader = 'org.springframework.boot.test.context.SpringBootContextLoader', parent = [null]], attributes = map['org.springframework.test.context.web.ServletTestExecutionListener.activateListener' -> false]]].
04:26:35.291 [Test worker] DEBUG org.springframework.test.context.support.TestPropertySourceUtils - Adding inlined properties to environment: {spring.jmx.enabled=false, org.springframework.boot.test.context.SpringBootTestContextBootstrapper=true, server.port=0}

  .   ____          _            __ _ _
 /\\ / ___'_ __ _ _(_)_ __  __ _ \ \ \ \
( ( )\___ | '_ | '_| | '_ \/ _` | \ \ \ \
 \\/  ___)| |_)| | | | | || (_| |  ) ) ) )
  '  |____| .__|_| |_|_| |_\__, | / / / /
 =========|_|==============|___/=/_/_/_/
 :: Spring Boot ::        (v2.2.0.RELEASE)

2020-08-25 04:26:35.982  INFO 40304 --- [    Test worker] c.m.c.s.i.CompensationServiceImplTest    : Starting CompensationServiceImplTest on DESKTOP-BRU1D1K with PID 40304 (started by erwin in D:\Programming\mindex-java-code-challenge)
2020-08-25 04:26:35.984 DEBUG 40304 --- [    Test worker] c.m.c.s.i.CompensationServiceImplTest    : Running with Spring Boot v2.2.0.RELEASE, Spring v5.2.0.RELEASE
2020-08-25 04:26:35.985  INFO 40304 --- [    Test worker] c.m.c.s.i.CompensationServiceImplTest    : No active profile set, falling back to default profiles: default
2020-08-25 04:26:37.537  INFO 40304 --- [    Test worker] .s.d.r.c.RepositoryConfigurationDelegate : Bootstrapping Spring Data repositories in DEFAULT mode.
2020-08-25 04:26:37.640  INFO 40304 --- [    Test worker] .s.d.r.c.RepositoryConfigurationDelegate : Finished Spring Data repository scanning in 92ms. Found 2 repository interfaces.
2020-08-25 04:26:39.382  INFO 40304 --- [    Test worker] o.s.b.w.embedded.tomcat.TomcatWebServer  : Tomcat initialized with port(s): 0 (http)
2020-08-25 04:26:39.411  INFO 40304 --- [    Test worker] o.apache.catalina.core.StandardService   : Starting service [Tomcat]
2020-08-25 04:26:39.412  INFO 40304 --- [    Test worker] org.apache.catalina.core.StandardEngine  : Starting Servlet engine: [Apache Tomcat/9.0.27]
2020-08-25 04:26:39.674  INFO 40304 --- [    Test worker] o.a.c.c.C.[Tomcat].[localhost].[/]       : Initializing Spring embedded WebApplicationContext
2020-08-25 04:26:39.675  INFO 40304 --- [    Test worker] o.s.web.context.ContextLoader            : Root WebApplicationContext: initialization completed in 3644 ms
2020-08-25 04:26:40.685  INFO 40304 --- [    Test worker] de.bwaldvogel.mongo.MongoServer          : started MongoServer(port: 50574, ssl: false)
2020-08-25 04:26:40.806  INFO 40304 --- [    Test worker] org.mongodb.driver.cluster               : Cluster created with settings {hosts=[127.0.0.1:50574], mode=SINGLE, requiredClusterType=UNKNOWN, serverSelectionTimeout='30000 ms', maxWaitQueueSize=500}
2020-08-25 04:26:40.908  INFO 40304 --- [-server-worker1] d.b.mongo.wire.MongoWireProtocolHandler  : client [id: 0x7dcfe637, L:/127.0.0.1:50574 - R:/127.0.0.1:50575] connected
2020-08-25 04:26:41.024  INFO 40304 --- [127.0.0.1:50574] org.mongodb.driver.connection            : Opened connection [connectionId{localValue:1}] to 127.0.0.1:50574
2020-08-25 04:26:41.029  INFO 40304 --- [127.0.0.1:50574] org.mongodb.driver.cluster               : Monitor thread successfully connected to server with description ServerDescription{address=127.0.0.1:50574, type=STANDALONE, state=CONNECTED, ok=true, version=ServerVersion{versionList=[3, 0, 0]}, minWireVersion=0, maxWireVersion=2, maxDocumentSize=16777216, logicalSessionTimeoutMinutes=null, roundTripTimeNanos=3106700}
2020-08-25 04:26:41.032  WARN 40304 --- [    Test worker] o.s.data.convert.CustomConversions       : Registering converter from class java.time.LocalDateTime to class java.time.Instant as reading converter although it doesn't convert from a store-supported type! You might wanna check you annotation setup at the converter implementation.
2020-08-25 04:26:41.033  WARN 40304 --- [    Test worker] o.s.data.convert.CustomConversions       : Registering converter from class java.time.Instant to class java.time.LocalDateTime as reading converter although it doesn't convert from a store-supported type! You might wanna check you annotation setup at the converter implementation.
2020-08-25 04:26:41.041  WARN 40304 --- [    Test worker] o.s.data.convert.CustomConversions       : Registering converter from class java.time.LocalDateTime to class java.time.Instant as reading converter although it doesn't convert from a store-supported type! You might wanna check you annotation setup at the converter implementation.
2020-08-25 04:26:41.042  WARN 40304 --- [    Test worker] o.s.data.convert.CustomConversions       : Registering converter from class java.time.Instant to class java.time.LocalDateTime as reading converter although it doesn't convert from a store-supported type! You might wanna check you annotation setup at the converter implementation.
2020-08-25 04:26:41.799  INFO 40304 --- [-server-worker2] d.b.mongo.wire.MongoWireProtocolHandler  : client [id: 0xd5c088a1, L:/127.0.0.1:50574 - R:/127.0.0.1:50576] connected
2020-08-25 04:26:41.819  INFO 40304 --- [    Test worker] org.mongodb.driver.connection            : Opened connection [connectionId{localValue:2}] to 127.0.0.1:50574
2020-08-25 04:26:41.854  INFO 40304 --- [-server-worker2] d.b.mongo.backend.AbstractMongoBackend   : created database test
2020-08-25 04:26:41.868  INFO 40304 --- [-server-worker2] d.b.mongo.backend.AbstractMongoDatabase  : adding unique _id index for collection employee
2020-08-25 04:26:41.871  INFO 40304 --- [-server-worker2] d.b.mongo.backend.AbstractMongoDatabase  : created collection test.employee
2020-08-25 04:26:41.934 DEBUG 40304 --- [    Test worker] c.m.c.controller.CompensationController  : Autowired instance of Compensation Service
2020-08-25 04:26:41.950 DEBUG 40304 --- [    Test worker] c.m.c.c.ReportingStructureController     : Autowired instance of Reporting Structure Service
2020-08-25 04:26:42.743  INFO 40304 --- [    Test worker] pertySourcedRequestMappingHandlerMapping : Mapped URL path [/v2/api-docs] onto method [springfox.documentation.swagger2.web.Swagger2Controller#getDocumentation(String, HttpServletRequest)]
2020-08-25 04:26:43.043  INFO 40304 --- [    Test worker] o.s.s.concurrent.ThreadPoolTaskExecutor  : Initializing ExecutorService 'applicationTaskExecutor'
2020-08-25 04:26:43.324  WARN 40304 --- [    Test worker] o.s.data.convert.CustomConversions       : Registering converter from class java.time.LocalDateTime to class java.time.Instant as reading converter although it doesn't convert from a store-supported type! You might wanna check you annotation setup at the converter implementation.
2020-08-25 04:26:43.324  WARN 40304 --- [    Test worker] o.s.data.convert.CustomConversions       : Registering converter from class java.time.Instant to class java.time.LocalDateTime as reading converter although it doesn't convert from a store-supported type! You might wanna check you annotation setup at the converter implementation.
2020-08-25 04:26:43.366  WARN 40304 --- [    Test worker] o.s.data.convert.CustomConversions       : Registering converter from class java.time.LocalDateTime to class java.time.Instant as reading converter although it doesn't convert from a store-supported type! You might wanna check you annotation setup at the converter implementation.
2020-08-25 04:26:43.367  WARN 40304 --- [    Test worker] o.s.data.convert.CustomConversions       : Registering converter from class java.time.Instant to class java.time.LocalDateTime as reading converter although it doesn't convert from a store-supported type! You might wanna check you annotation setup at the converter implementation.
2020-08-25 04:26:43.521  INFO 40304 --- [    Test worker] d.s.w.p.DocumentationPluginsBootstrapper : Context refreshed
2020-08-25 04:26:43.563  INFO 40304 --- [    Test worker] d.s.w.p.DocumentationPluginsBootstrapper : Found 1 custom documentation plugin(s)
2020-08-25 04:26:43.614  INFO 40304 --- [    Test worker] s.d.s.w.s.ApiListingReferenceScanner     : Scanning for api listing references
2020-08-25 04:26:43.937  INFO 40304 --- [    Test worker] o.s.b.w.embedded.tomcat.TomcatWebServer  : Tomcat started on port(s): 50577 (http) with context path ''
2020-08-25 04:26:43.943  INFO 40304 --- [    Test worker] c.m.c.s.i.CompensationServiceImplTest    : Started CompensationServiceImplTest in 8.646 seconds (JVM running for 11.212)
2020-08-25 04:26:44.994  INFO 40304 --- [o-auto-1-exec-1] o.a.c.c.C.[Tomcat].[localhost].[/]       : Initializing Spring DispatcherServlet 'dispatcherServlet'
2020-08-25 04:26:44.995  INFO 40304 --- [o-auto-1-exec-1] o.s.web.servlet.DispatcherServlet        : Initializing Servlet 'dispatcherServlet'
2020-08-25 04:26:45.031  INFO 40304 --- [o-auto-1-exec-1] o.s.web.servlet.DispatcherServlet        : Completed initialization in 36 ms
2020-08-25 04:26:45.082 DEBUG 40304 --- [o-auto-1-exec-1] c.m.c.controller.CompensationController  : Received compensation create request for [16a596ae-edd3-4847-99fe-c4518e82c86f]
2020-08-25 04:26:45.082 DEBUG 40304 --- [o-auto-1-exec-1] c.m.c.s.impl.CompensationServiceImpl     : Creating compensation [Compensation{employeeId='16a596ae-edd3-4847-99fe-c4518e82c86f', salary=60000.0, effectiveDate=2020-08-25}]
2020-08-25 04:26:45.170  INFO 40304 --- [-server-worker2] d.b.mongo.backend.AbstractMongoDatabase  : adding unique _id index for collection compensation
2020-08-25 04:26:45.171  INFO 40304 --- [-server-worker2] d.b.mongo.backend.AbstractMongoDatabase  : created collection test.compensation
2020-08-25 04:26:45.196 DEBUG 40304 --- [o-auto-1-exec-2] c.m.c.controller.CompensationController  : Received compensation read request for [16a596ae-edd3-4847-99fe-c4518e82c86f]
2020-08-25 04:26:45.197 DEBUG 40304 --- [o-auto-1-exec-2] c.m.c.s.impl.CompensationServiceImpl     : Reading compensation of employee with id [16a596ae-edd3-4847-99fe-c4518e82c86f]
2020-08-25 04:26:45.212 DEBUG 40304 --- [o-auto-1-exec-2] c.m.c.s.impl.CompensationServiceImpl     : Reading compensation of employee with id [16a596ae-edd3-4847-99fe-c4518e82c86f]
2020-08-25 04:26:45.227 DEBUG 40304 --- [o-auto-1-exec-3] c.m.c.controller.CompensationController  : Received compensation update request for [16a596ae-edd3-4847-99fe-c4518e82c86f]
2020-08-25 04:26:45.228 DEBUG 40304 --- [o-auto-1-exec-3] c.m.c.s.impl.CompensationServiceImpl     : Updating compensation of employee with id [16a596ae-edd3-4847-99fe-c4518e82c86f]
]]></system-out>
  <system-err><![CDATA[]]></system-err>
</testsuite>
