<?xml version="1.0" encoding="UTF-8"?>
<testsuite name="com.mindex.challenge.service.impl.CompensationServiceImplTest" tests="1" skipped="0" failures="0" errors="0" timestamp="2020-08-24T23:47:43" hostname="DESKTOP-BRU1D1K" time="1.203">
  <properties/>
  <testcase name="testCreateReadUpdateCompensation" classname="com.mindex.challenge.service.impl.CompensationServiceImplTest" time="1.203"/>
  <system-out><![CDATA[19:47:33.574 [Test worker] DEBUG org.springframework.test.context.junit4.SpringJUnit4ClassRunner - SpringJUnit4ClassRunner constructor called with [class com.mindex.challenge.service.impl.CompensationServiceImplTest]
19:47:33.591 [Test worker] DEBUG org.springframework.test.context.BootstrapUtils - Instantiating CacheAwareContextLoaderDelegate from class [org.springframework.test.context.cache.DefaultCacheAwareContextLoaderDelegate]
19:47:33.605 [Test worker] DEBUG org.springframework.test.context.BootstrapUtils - Instantiating BootstrapContext using constructor [public org.springframework.test.context.support.DefaultBootstrapContext(java.lang.Class,org.springframework.test.context.CacheAwareContextLoaderDelegate)]
19:47:33.673 [Test worker] DEBUG org.springframework.test.context.BootstrapUtils - Instantiating TestContextBootstrapper for test class [com.mindex.challenge.service.impl.CompensationServiceImplTest] from class [org.springframework.boot.test.context.SpringBootTestContextBootstrapper]
19:47:33.708 [Test worker] INFO org.springframework.boot.test.context.SpringBootTestContextBootstrapper - Neither @ContextConfiguration nor @ContextHierarchy found for test class [com.mindex.challenge.service.impl.CompensationServiceImplTest], using SpringBootContextLoader
19:47:33.716 [Test worker] DEBUG org.springframework.test.context.support.AbstractContextLoader - Did not detect default resource location for test class [com.mindex.challenge.service.impl.CompensationServiceImplTest]: class path resource [com/mindex/challenge/service/impl/CompensationServiceImplTest-context.xml] does not exist
19:47:33.717 [Test worker] DEBUG org.springframework.test.context.support.AbstractContextLoader - Did not detect default resource location for test class [com.mindex.challenge.service.impl.CompensationServiceImplTest]: class path resource [com/mindex/challenge/service/impl/CompensationServiceImplTestContext.groovy] does not exist
19:47:33.719 [Test worker] INFO org.springframework.test.context.support.AbstractContextLoader - Could not detect default resource locations for test class [com.mindex.challenge.service.impl.CompensationServiceImplTest]: no resource found for suffixes {-context.xml, Context.groovy}.
19:47:33.720 [Test worker] INFO org.springframework.test.context.support.AnnotationConfigContextLoaderUtils - Could not detect default configuration classes for test class [com.mindex.challenge.service.impl.CompensationServiceImplTest]: CompensationServiceImplTest does not declare any static, non-private, non-final, nested classes annotated with @Configuration.
19:47:33.832 [Test worker] DEBUG org.springframework.test.context.support.ActiveProfilesUtils - Could not find an 'annotation declaring class' for annotation type [org.springframework.test.context.ActiveProfiles] and class [com.mindex.challenge.service.impl.CompensationServiceImplTest]
19:47:34.094 [Test worker] DEBUG org.springframework.context.annotation.ClassPathScanningCandidateComponentProvider - Identified candidate component class: file [D:\Programming\mindex-java-code-challenge\build\classes\java\main\com\mindex\challenge\ChallengeApplication.class]
19:47:34.100 [Test worker] INFO org.springframework.boot.test.context.SpringBootTestContextBootstrapper - Found @SpringBootConfiguration com.mindex.challenge.ChallengeApplication for test class com.mindex.challenge.service.impl.CompensationServiceImplTest
19:47:34.359 [Test worker] DEBUG org.springframework.boot.test.context.SpringBootTestContextBootstrapper - @TestExecutionListeners is not present for class [com.mindex.challenge.service.impl.CompensationServiceImplTest]: using defaults.
19:47:34.361 [Test worker] INFO org.springframework.boot.test.context.SpringBootTestContextBootstrapper - Loaded default TestExecutionListener class names from location [META-INF/spring.factories]: [org.springframework.boot.test.autoconfigure.restdocs.RestDocsTestExecutionListener, org.springframework.boot.test.autoconfigure.web.client.MockRestServiceServerResetTestExecutionListener, org.springframework.boot.test.autoconfigure.web.servlet.MockMvcPrintOnlyOnFailureTestExecutionListener, org.springframework.boot.test.autoconfigure.web.servlet.WebDriverTestExecutionListener, org.springframework.boot.test.mock.mockito.MockitoTestExecutionListener, org.springframework.boot.test.mock.mockito.ResetMocksTestExecutionListener, org.springframework.test.context.web.ServletTestExecutionListener, org.springframework.test.context.support.DirtiesContextBeforeModesTestExecutionListener, org.springframework.test.context.support.DependencyInjectionTestExecutionListener, org.springframework.test.context.support.DirtiesContextTestExecutionListener, org.springframework.test.context.transaction.TransactionalTestExecutionListener, org.springframework.test.context.jdbc.SqlScriptsTestExecutionListener, org.springframework.test.context.event.EventPublishingTestExecutionListener]
19:47:34.407 [Test worker] INFO org.springframework.boot.test.context.SpringBootTestContextBootstrapper - Using TestExecutionListeners: [org.springframework.test.context.web.ServletTestExecutionListener@551ae5a0, org.springframework.test.context.support.DirtiesContextBeforeModesTestExecutionListener@3aa70c2c, org.springframework.boot.test.mock.mockito.MockitoTestExecutionListener@14cfbdb4, org.springframework.boot.test.autoconfigure.SpringBootDependencyInjectionTestExecutionListener@657dab6b, org.springframework.test.context.support.DirtiesContextTestExecutionListener@67c86581, org.springframework.test.context.transaction.TransactionalTestExecutionListener@658cc338, org.springframework.test.context.jdbc.SqlScriptsTestExecutionListener@cc7e020, org.springframework.test.context.event.EventPublishingTestExecutionListener@4e92420, org.springframework.boot.test.autoconfigure.restdocs.RestDocsTestExecutionListener@2029bd51, org.springframework.boot.test.autoconfigure.web.client.MockRestServiceServerResetTestExecutionListener@233f3f6f, org.springframework.boot.test.autoconfigure.web.servlet.MockMvcPrintOnlyOnFailureTestExecutionListener@104a1dc8, org.springframework.boot.test.autoconfigure.web.servlet.WebDriverTestExecutionListener@5d4fe3c5, org.springframework.boot.test.mock.mockito.ResetMocksTestExecutionListener@30611e08]
19:47:34.416 [Test worker] DEBUG org.springframework.test.annotation.ProfileValueUtils - Retrieved @ProfileValueSourceConfiguration [null] for test class [com.mindex.challenge.service.impl.CompensationServiceImplTest]
19:47:34.419 [Test worker] DEBUG org.springframework.test.annotation.ProfileValueUtils - Retrieved ProfileValueSource type [class org.springframework.test.annotation.SystemProfileValueSource] for class [com.mindex.challenge.service.impl.CompensationServiceImplTest]
19:47:34.427 [Test worker] DEBUG org.springframework.test.annotation.ProfileValueUtils - Retrieved @ProfileValueSourceConfiguration [null] for test class [com.mindex.challenge.service.impl.CompensationServiceImplTest]
19:47:34.428 [Test worker] DEBUG org.springframework.test.annotation.ProfileValueUtils - Retrieved ProfileValueSource type [class org.springframework.test.annotation.SystemProfileValueSource] for class [com.mindex.challenge.service.impl.CompensationServiceImplTest]
19:47:34.430 [Test worker] DEBUG org.springframework.test.annotation.ProfileValueUtils - Retrieved @ProfileValueSourceConfiguration [null] for test class [com.mindex.challenge.service.impl.CompensationServiceImplTest]
19:47:34.431 [Test worker] DEBUG org.springframework.test.annotation.ProfileValueUtils - Retrieved ProfileValueSource type [class org.springframework.test.annotation.SystemProfileValueSource] for class [com.mindex.challenge.service.impl.CompensationServiceImplTest]
19:47:34.441 [Test worker] DEBUG org.springframework.test.context.support.AbstractDirtiesContextTestExecutionListener - Before test class: context [DefaultTestContext@146a2768 testClass = CompensationServiceImplTest, testInstance = [null], testMethod = [null], testException = [null], mergedContextConfiguration = [WebMergedContextConfiguration@15cbf5c7 testClass = CompensationServiceImplTest, locations = '{}', classes = '{class com.mindex.challenge.ChallengeApplication}', contextInitializerClasses = '[]', activeProfiles = '{}', propertySourceLocations = '{}', propertySourceProperties = '{org.springframework.boot.test.context.SpringBootTestContextBootstrapper=true, server.port=0}', contextCustomizers = set[org.springframework.boot.test.autoconfigure.properties.PropertyMappingContextCustomizer@0, org.springframework.boot.test.autoconfigure.web.servlet.WebDriverContextCustomizerFactory$Customizer@1fdadfc, org.springframework.boot.test.context.filter.ExcludeFilterContextCustomizer@13ee780e, org.springframework.boot.test.json.DuplicateJsonObjectContextCustomizerFactory$DuplicateJsonObjectContextCustomizer@4ac95fa1, org.springframework.boot.test.mock.mockito.MockitoContextCustomizer@0, org.springframework.boot.test.web.client.TestRestTemplateContextCustomizer@1c959ea0], resourceBasePath = 'src/main/webapp', contextLoader = 'org.springframework.boot.test.context.SpringBootContextLoader', parent = [null]], attributes = map['org.springframework.test.context.web.ServletTestExecutionListener.activateListener' -> false]], class annotated with @DirtiesContext [false] with mode [null].
19:47:34.446 [Test worker] DEBUG org.springframework.test.annotation.ProfileValueUtils - Retrieved @ProfileValueSourceConfiguration [null] for test class [com.mindex.challenge.service.impl.CompensationServiceImplTest]
19:47:34.446 [Test worker] DEBUG org.springframework.test.annotation.ProfileValueUtils - Retrieved ProfileValueSource type [class org.springframework.test.annotation.SystemProfileValueSource] for class [com.mindex.challenge.service.impl.CompensationServiceImplTest]
19:47:34.455 [Test worker] DEBUG org.springframework.test.context.support.DependencyInjectionTestExecutionListener - Performing dependency injection for test context [[DefaultTestContext@146a2768 testClass = CompensationServiceImplTest, testInstance = com.mindex.challenge.service.impl.CompensationServiceImplTest@7e77b95c, testMethod = [null], testException = [null], mergedContextConfiguration = [WebMergedContextConfiguration@15cbf5c7 testClass = CompensationServiceImplTest, locations = '{}', classes = '{class com.mindex.challenge.ChallengeApplication}', contextInitializerClasses = '[]', activeProfiles = '{}', propertySourceLocations = '{}', propertySourceProperties = '{org.springframework.boot.test.context.SpringBootTestContextBootstrapper=true, server.port=0}', contextCustomizers = set[org.springframework.boot.test.autoconfigure.properties.PropertyMappingContextCustomizer@0, org.springframework.boot.test.autoconfigure.web.servlet.WebDriverContextCustomizerFactory$Customizer@1fdadfc, org.springframework.boot.test.context.filter.ExcludeFilterContextCustomizer@13ee780e, org.springframework.boot.test.json.DuplicateJsonObjectContextCustomizerFactory$DuplicateJsonObjectContextCustomizer@4ac95fa1, org.springframework.boot.test.mock.mockito.MockitoContextCustomizer@0, org.springframework.boot.test.web.client.TestRestTemplateContextCustomizer@1c959ea0], resourceBasePath = 'src/main/webapp', contextLoader = 'org.springframework.boot.test.context.SpringBootContextLoader', parent = [null]], attributes = map['org.springframework.test.context.web.ServletTestExecutionListener.activateListener' -> false]]].
19:47:34.502 [Test worker] DEBUG org.springframework.test.context.support.TestPropertySourceUtils - Adding inlined properties to environment: {spring.jmx.enabled=false, org.springframework.boot.test.context.SpringBootTestContextBootstrapper=true, server.port=0}

  .   ____          _            __ _ _
 /\\ / ___'_ __ _ _(_)_ __  __ _ \ \ \ \
( ( )\___ | '_ | '_| | '_ \/ _` | \ \ \ \
 \\/  ___)| |_)| | | | | || (_| |  ) ) ) )
  '  |____| .__|_| |_|_| |_\__, | / / / /
 =========|_|==============|___/=/_/_/_/
 :: Spring Boot ::        (v2.2.0.RELEASE)

2020-08-24 19:47:35.139  INFO 36520 --- [    Test worker] c.m.c.s.i.CompensationServiceImplTest    : Starting CompensationServiceImplTest on DESKTOP-BRU1D1K with PID 36520 (started by erwin in D:\Programming\mindex-java-code-challenge)
2020-08-24 19:47:35.141 DEBUG 36520 --- [    Test worker] c.m.c.s.i.CompensationServiceImplTest    : Running with Spring Boot v2.2.0.RELEASE, Spring v5.2.0.RELEASE
2020-08-24 19:47:35.143  INFO 36520 --- [    Test worker] c.m.c.s.i.CompensationServiceImplTest    : No active profile set, falling back to default profiles: default
2020-08-24 19:47:36.559  INFO 36520 --- [    Test worker] .s.d.r.c.RepositoryConfigurationDelegate : Bootstrapping Spring Data repositories in DEFAULT mode.
2020-08-24 19:47:36.649  INFO 36520 --- [    Test worker] .s.d.r.c.RepositoryConfigurationDelegate : Finished Spring Data repository scanning in 82ms. Found 2 repository interfaces.
2020-08-24 19:47:38.353  INFO 36520 --- [    Test worker] o.s.b.w.embedded.tomcat.TomcatWebServer  : Tomcat initialized with port(s): 0 (http)
2020-08-24 19:47:38.371  INFO 36520 --- [    Test worker] o.apache.catalina.core.StandardService   : Starting service [Tomcat]
2020-08-24 19:47:38.373  INFO 36520 --- [    Test worker] org.apache.catalina.core.StandardEngine  : Starting Servlet engine: [Apache Tomcat/9.0.27]
2020-08-24 19:47:38.650  INFO 36520 --- [    Test worker] o.a.c.c.C.[Tomcat].[localhost].[/]       : Initializing Spring embedded WebApplicationContext
2020-08-24 19:47:38.650  INFO 36520 --- [    Test worker] o.s.web.context.ContextLoader            : Root WebApplicationContext: initialization completed in 3467 ms
2020-08-24 19:47:39.960  INFO 36520 --- [    Test worker] de.bwaldvogel.mongo.MongoServer          : started MongoServer(port: 63140, ssl: false)
2020-08-24 19:47:40.108  INFO 36520 --- [    Test worker] org.mongodb.driver.cluster               : Cluster created with settings {hosts=[127.0.0.1:63140], mode=SINGLE, requiredClusterType=UNKNOWN, serverSelectionTimeout='30000 ms', maxWaitQueueSize=500}
2020-08-24 19:47:40.213  INFO 36520 --- [-server-worker1] d.b.mongo.wire.MongoWireProtocolHandler  : client [id: 0x455deda2, L:/127.0.0.1:63140 - R:/127.0.0.1:63141] connected
2020-08-24 19:47:40.326  WARN 36520 --- [    Test worker] o.s.data.convert.CustomConversions       : Registering converter from class java.time.LocalDateTime to class java.time.Instant as reading converter although it doesn't convert from a store-supported type! You might wanna check you annotation setup at the converter implementation.
2020-08-24 19:47:40.327  WARN 36520 --- [    Test worker] o.s.data.convert.CustomConversions       : Registering converter from class java.time.Instant to class java.time.LocalDateTime as reading converter although it doesn't convert from a store-supported type! You might wanna check you annotation setup at the converter implementation.
2020-08-24 19:47:40.332  INFO 36520 --- [127.0.0.1:63140] org.mongodb.driver.connection            : Opened connection [connectionId{localValue:1}] to 127.0.0.1:63140
2020-08-24 19:47:40.336  WARN 36520 --- [    Test worker] o.s.data.convert.CustomConversions       : Registering converter from class java.time.LocalDateTime to class java.time.Instant as reading converter although it doesn't convert from a store-supported type! You might wanna check you annotation setup at the converter implementation.
2020-08-24 19:47:40.337  WARN 36520 --- [    Test worker] o.s.data.convert.CustomConversions       : Registering converter from class java.time.Instant to class java.time.LocalDateTime as reading converter although it doesn't convert from a store-supported type! You might wanna check you annotation setup at the converter implementation.
2020-08-24 19:47:40.337  INFO 36520 --- [127.0.0.1:63140] org.mongodb.driver.cluster               : Monitor thread successfully connected to server with description ServerDescription{address=127.0.0.1:63140, type=STANDALONE, state=CONNECTED, ok=true, version=ServerVersion{versionList=[3, 0, 0]}, minWireVersion=0, maxWireVersion=2, maxDocumentSize=16777216, logicalSessionTimeoutMinutes=null, roundTripTimeNanos=2438200}
2020-08-24 19:47:40.982  INFO 36520 --- [-server-worker2] d.b.mongo.wire.MongoWireProtocolHandler  : client [id: 0x3d130f8e, L:/127.0.0.1:63140 - R:/127.0.0.1:63142] connected
2020-08-24 19:47:41.005  INFO 36520 --- [    Test worker] org.mongodb.driver.connection            : Opened connection [connectionId{localValue:2}] to 127.0.0.1:63140
2020-08-24 19:47:41.036  INFO 36520 --- [-server-worker2] d.b.mongo.backend.AbstractMongoBackend   : created database test
2020-08-24 19:47:41.054  INFO 36520 --- [-server-worker2] d.b.mongo.backend.AbstractMongoDatabase  : adding unique _id index for collection employee
2020-08-24 19:47:41.057  INFO 36520 --- [-server-worker2] d.b.mongo.backend.AbstractMongoDatabase  : created collection test.employee
2020-08-24 19:47:41.104 DEBUG 36520 --- [    Test worker] c.m.c.s.impl.CompensationServiceImpl     : Autowired instances of Compensation and Employee Repository
2020-08-24 19:47:41.137 DEBUG 36520 --- [    Test worker] c.m.c.controller.CompensationController  : Autowired instance of Compensation Service
2020-08-24 19:47:41.998  INFO 36520 --- [    Test worker] pertySourcedRequestMappingHandlerMapping : Mapped URL path [/v2/api-docs] onto method [springfox.documentation.swagger2.web.Swagger2Controller#getDocumentation(String, HttpServletRequest)]
2020-08-24 19:47:42.264  INFO 36520 --- [    Test worker] o.s.s.concurrent.ThreadPoolTaskExecutor  : Initializing ExecutorService 'applicationTaskExecutor'
2020-08-24 19:47:42.519  WARN 36520 --- [    Test worker] o.s.data.convert.CustomConversions       : Registering converter from class java.time.LocalDateTime to class java.time.Instant as reading converter although it doesn't convert from a store-supported type! You might wanna check you annotation setup at the converter implementation.
2020-08-24 19:47:42.519  WARN 36520 --- [    Test worker] o.s.data.convert.CustomConversions       : Registering converter from class java.time.Instant to class java.time.LocalDateTime as reading converter although it doesn't convert from a store-supported type! You might wanna check you annotation setup at the converter implementation.
2020-08-24 19:47:42.550  WARN 36520 --- [    Test worker] o.s.data.convert.CustomConversions       : Registering converter from class java.time.LocalDateTime to class java.time.Instant as reading converter although it doesn't convert from a store-supported type! You might wanna check you annotation setup at the converter implementation.
2020-08-24 19:47:42.551  WARN 36520 --- [    Test worker] o.s.data.convert.CustomConversions       : Registering converter from class java.time.Instant to class java.time.LocalDateTime as reading converter although it doesn't convert from a store-supported type! You might wanna check you annotation setup at the converter implementation.
2020-08-24 19:47:42.719  INFO 36520 --- [    Test worker] d.s.w.p.DocumentationPluginsBootstrapper : Context refreshed
2020-08-24 19:47:42.752  INFO 36520 --- [    Test worker] d.s.w.p.DocumentationPluginsBootstrapper : Found 1 custom documentation plugin(s)
2020-08-24 19:47:42.806  INFO 36520 --- [    Test worker] s.d.s.w.s.ApiListingReferenceScanner     : Scanning for api listing references
2020-08-24 19:47:43.138  INFO 36520 --- [    Test worker] o.s.b.w.embedded.tomcat.TomcatWebServer  : Tomcat started on port(s): 63143 (http) with context path ''
2020-08-24 19:47:43.142  INFO 36520 --- [    Test worker] c.m.c.s.i.CompensationServiceImplTest    : Started CompensationServiceImplTest in 8.634 seconds (JVM running for 11.323)
2020-08-24 19:47:44.042  INFO 36520 --- [o-auto-1-exec-1] o.a.c.c.C.[Tomcat].[localhost].[/]       : Initializing Spring DispatcherServlet 'dispatcherServlet'
2020-08-24 19:47:44.043  INFO 36520 --- [o-auto-1-exec-1] o.s.web.servlet.DispatcherServlet        : Initializing Servlet 'dispatcherServlet'
2020-08-24 19:47:44.085  INFO 36520 --- [o-auto-1-exec-1] o.s.web.servlet.DispatcherServlet        : Completed initialization in 42 ms
2020-08-24 19:47:44.142 DEBUG 36520 --- [o-auto-1-exec-1] c.m.c.controller.CompensationController  : Received compensation create request for [16a596ae-edd3-4847-99fe-c4518e82c86f]
2020-08-24 19:47:44.142 DEBUG 36520 --- [o-auto-1-exec-1] c.m.c.s.impl.CompensationServiceImpl     : Creating compensation [Compensation{employeeId='16a596ae-edd3-4847-99fe-c4518e82c86f', salary=60000.0, effectiveDate=2020-08-24}]
2020-08-24 19:47:44.232  INFO 36520 --- [-server-worker2] d.b.mongo.backend.AbstractMongoDatabase  : adding unique _id index for collection compensation
2020-08-24 19:47:44.233  INFO 36520 --- [-server-worker2] d.b.mongo.backend.AbstractMongoDatabase  : created collection test.compensation
2020-08-24 19:47:44.280 DEBUG 36520 --- [o-auto-1-exec-2] c.m.c.controller.CompensationController  : Received compensation read request for [16a596ae-edd3-4847-99fe-c4518e82c86f]
2020-08-24 19:47:44.281 DEBUG 36520 --- [o-auto-1-exec-2] c.m.c.s.impl.CompensationServiceImpl     : Reading compensation of employee with id [16a596ae-edd3-4847-99fe-c4518e82c86f]
Compensation{employeeId='16a596ae-edd3-4847-99fe-c4518e82c86f', salary=60000.0, effectiveDate=2020-08-24}
2020-08-24 19:47:44.301 DEBUG 36520 --- [o-auto-1-exec-2] c.m.c.s.impl.CompensationServiceImpl     : Reading compensation of employee with id [16a596ae-edd3-4847-99fe-c4518e82c86f]
2020-08-24 19:47:44.320 DEBUG 36520 --- [o-auto-1-exec-3] c.m.c.controller.CompensationController  : Received compensation update request for [16a596ae-edd3-4847-99fe-c4518e82c86f]
2020-08-24 19:47:44.321 DEBUG 36520 --- [o-auto-1-exec-3] c.m.c.s.impl.CompensationServiceImpl     : Updating compensation of employee with id [16a596ae-edd3-4847-99fe-c4518e82c86f]
]]></system-out>
  <system-err><![CDATA[]]></system-err>
</testsuite>
